Exporter version: 5.6.4, Blender version: 2.79 (sub 0)
========= Conversion from Blender to Babylon.js =========
	Scene settings used :
		export scope        :  ALL
		inline textures     :  false
		Positions Precision :  4
		Normals Precision   :  3
		UVs Precision       :  3
		Vert Color Precision:  3
		Mat Weight Precision:  2
		texture directory   :  /Users/School/Documents/Advanced_Animation/Labs/Flocking/
	Python World class constructor completed
	processing begun of skeleton:  DogArmature, id:  0
		processing begun of bone:  Master, index:  0
		processing begun of bone:  FFootIK.L, index:  1
		processing begun of bone:  RFootIK.L, index:  2
		processing begun of bone:  Hip, index:  3
		processing begun of bone:  TailBase, index:  4
		processing begun of bone:  Tail1, index:  5
		processing begun of bone:  Tail2, index:  6
		processing begun of bone:  Spine, index:  7
		processing begun of bone:  Ribcage, index:  8
		processing begun of bone:  Neck, index:  9
		processing begun of bone:  Head, index:  10
		processing begun of bone:  EarBase.L, index:  11
		processing begun of bone:  Ear.L, index:  12
		processing begun of bone:  EarBase.R, index:  13
		processing begun of bone:  Ear.R, index:  14
		processing begun of bone:  FFootIK.R, index:  15
		processing begun of bone:  RFootIK.R, index:  16
		processing begun of bone:  FThighPole.L, index:  17
		processing begun of bone:  FThigh.L, index:  18
		processing begun of bone:  FShin.L, index:  19
		processing begun of bone:  FFoot.L, index:  20
		processing begun of bone:  RLegPole.L, index:  21
		processing begun of bone:  RThigh.L, index:  22
		processing begun of bone:  RShin.L, index:  23
		processing begun of bone:  RLeg.L, index:  24
		processing begun of bone:  RFoot.L, index:  25
		processing begun of bone:  FThighPole.R, index:  26
		processing begun of bone:  FThigh.R, index:  27
		processing begun of bone:  FShin.R, index:  28
		processing begun of bone:  FFoot.R, index:  29
		processing begun of bone:  RLegPole.R, index:  30
		processing begun of bone:  RThigh.R, index:  31
		processing begun of bone:  RShin.R, index:  32
		processing begun of bone:  RLeg.R, index:  33
		processing begun of bone:  RFoot.R, index:  34
========= An error was encountered =========
  File "/Users/School/Library/Application Support/Blender/2.79/scripts/addons/babylon-js/json_exporter.py", line 97, in execute
    self.skeletons.append(Skeleton(object, scene, skeletonId, scene.ignoreIKBones))
  File "/Users/School/Library/Application Support/Blender/2.79/scripts/addons/babylon-js/armature.py", line 119, in __init__
    self.dimensions = self.getDimensions()
  File "/Users/School/Library/Application Support/Blender/2.79/scripts/addons/babylon-js/armature.py", line 129, in getDimensions
    if highest.x < bone.restHead.x: highest.x = bone.restHead.x
ERROR:  'Bone' object has no attribute 'restHead'
========= end of processing =========
elapsed time:  0 min, 0.0642 secs
